<?xml version="1.0" encoding="UTF-8"?>
<coverage generated="1780462155503" clover="3.2.0">
  <project timestamp="1780462155503" name="All files">
    <metrics statements="41" coveredstatements="35" conditionals="35" coveredconditionals="29" methods="14" coveredmethods="11" elements="90" coveredelements="75" complexity="0" loc="41" ncloc="41" packages="1" files="2" classes="2"/>
    <file name="ProductoCard.vue" path="C:\Users\alesh\practica1-autenticacion\practica10\frontend\src\components\ProductoCard.vue">
      <metrics statements="8" coveredstatements="7" conditionals="13" coveredconditionals="10" methods="4" coveredmethods="3"/>
      <line num="2" count="2" type="stmt"/>
      <line num="13" count="2" type="stmt"/>
      <line num="15" count="2" type="stmt"/>
      <line num="19" count="2" type="stmt"/>
      <line num="24" count="0" type="cond" truecount="2" falsecount="0"/>
      <line num="36" count="1" type="stmt"/>
      <line num="37" count="2" type="cond" truecount="2" falsecount="0"/>
      <line num="41" count="1" type="cond" truecount="2" falsecount="0"/>
    </file>
    <file name="ProductosList.vue" path="C:\Users\alesh\practica1-autenticacion\practica10\frontend\src\components\ProductosList.vue">
      <metrics statements="33" coveredstatements="28" conditionals="22" coveredconditionals="19" methods="10" coveredmethods="8"/>
      <line num="6" count="2" type="stmt"/>
      <line num="7" count="2" type="stmt"/>
      <line num="8" count="2" type="stmt"/>
      <line num="9" count="2" type="stmt"/>
      <line num="11" count="2" type="stmt"/>
      <line num="12" count="3" type="stmt"/>
      <line num="13" count="3" type="stmt"/>
      <line num="15" count="3" type="stmt"/>
      <line num="16" count="3" type="stmt"/>
      <line num="17" count="3" type="stmt"/>
      <line num="19" count="0" type="stmt"/>
      <line num="21" count="3" type="stmt"/>
      <line num="25" count="2" type="stmt"/>
      <line num="26" count="1" type="cond" truecount="1" falsecount="1"/>
      <line num="27" count="0" type="stmt"/>
      <line num="30" count="1" type="stmt"/>
      <line num="31" count="1" type="stmt"/>
      <line num="32" count="1" type="stmt"/>
      <line num="33" count="1" type="stmt"/>
      <line num="34" count="0" type="stmt"/>
      <line num="36" count="1" type="stmt"/>
      <line num="38" count="0" type="stmt"/>
      <line num="42" count="2" type="stmt"/>
      <line num="43" count="2" type="stmt"/>
      <line num="48" count="8" type="stmt"/>
      <line num="49" count="1" type="stmt"/>
      <line num="51" count="8" type="cond" truecount="2" falsecount="0"/>
      <line num="71" count="3" type="stmt"/>
      <line num="78" count="0" type="cond" truecount="2" falsecount="0"/>
      <line num="85" count="1" type="stmt"/>
      <line num="86" count="3" type="cond" truecount="2" falsecount="0"/>
      <line num="87" count="3" type="cond" truecount="2" falsecount="0"/>
      <line num="88" count="1" type="stmt"/>
    </file>
  </project>
</coverage>
