{"C:\\Users\\alesh\\practica1-autenticacion\\practica10\\frontend\\src\\components\\ProductoCard.vue": {"path":"C:\\Users\\alesh\\practica1-autenticacion\\practica10\\frontend\\src\\components\\ProductoCard.vue","statementMap":{"0":{"start":{"line":2,"column":14},"end":{"line":2,"column":null}},"1":{"start":{"line":13,"column":13},"end":{"line":13,"column":null}},"2":{"start":{"line":15,"column":21},"end":{"line":15,"column":null}},"3":{"start":{"line":15,"column":33},"end":{"line":15,"column":null}},"4":{"start":{"line":19,"column":11},"end":{"line":19,"column":null}},"5":{"start":{"line":36,"column":9},"end":{"line":36,"column":null}},"6":{"start":{"line":19,"column":2},"end":{"line":48,"column":19}},"7":{"start":{"line":24,"column":23},"end":{"line":24,"column":null}},"8":{"start":{"line":37,"column":71},"end":{"line":37,"column":84}},"9":{"start":{"line":41,"column":16},"end":{"line":41,"column":null}}},"fnMap":{"0":{"name":"(anonymous_0)","decl":{"start":{"line":15,"column":21},"end":{"line":15,"column":22}},"loc":{"start":{"line":15,"column":33},"end":{"line":15,"column":null}},"line":15},"1":{"name":"(anonymous_1)","decl":{"start":{"line":24,"column":12},"end":{"line":24,"column":15}},"loc":{"start":{"line":24,"column":16},"end":{"line":24,"column":null}},"line":24},"2":{"name":"(anonymous_2)","decl":{"start":{"line":37,"column":64},"end":{"line":37,"column":71}},"loc":{"start":{"line":37,"column":71},"end":{"line":37,"column":84}},"line":37},"3":{"name":"(anonymous_3)","decl":{"start":{"line":41,"column":14},"end":{"line":41,"column":16}},"loc":{"start":{"line":41,"column":16},"end":{"line":41,"column":null}},"line":41}},"branchMap":{"0":{"loc":{"start":{"line":21,"column":12},"end":{"line":21,"column":null}},"type":"binary-expr","locations":[{"start":{"line":21,"column":12},"end":{"line":21,"column":31}},{"start":{"line":21,"column":31},"end":{"line":21,"column":null}}],"line":21},"1":{"loc":{"start":{"line":24,"column":12},"end":{"line":24,"column":null}},"type":"binary-expr","locations":[{"start":{"line":24,"column":12},"end":{"line":24,"column":15}},{"start":{"line":24,"column":12},"end":{"line":24,"column":null}}],"line":24},"2":{"loc":{"start":{"line":27,"column":16},"end":{"line":28,"column":null}},"type":"cond-expr","locations":[{"start":{"line":27,"column":4},"end":{"line":28,"column":null}}],"line":27},"3":{"loc":{"start":{"line":32,"column":10},"end":{"line":32,"column":58}},"type":"binary-expr","locations":[{"start":{"line":32,"column":10},"end":{"line":32,"column":30}},{"start":{"line":32,"column":30},"end":{"line":32,"column":58}}],"line":32},"4":{"loc":{"start":{"line":37,"column":71},"end":{"line":37,"column":84}},"type":"binary-expr","locations":[{"start":{"line":37,"column":71},"end":{"line":37,"column":84}},{"start":{"line":37,"column":71},"end":{"line":37,"column":84}}],"line":37},"5":{"loc":{"start":{"line":41,"column":14},"end":{"line":41,"column":null}},"type":"binary-expr","locations":[{"start":{"line":41,"column":14},"end":{"line":41,"column":16}},{"start":{"line":41,"column":14},"end":{"line":41,"column":null}}],"line":41},"6":{"loc":{"start":{"line":43,"column":24},"end":{"line":48,"column":19}},"type":"cond-expr","locations":[{"start":{"line":43,"column":8},"end":{"line":45,"column":19}},{"start":{"line":46,"column":8},"end":{"line":48,"column":19}}],"line":43}},"s":{"0":2,"1":2,"2":2,"3":2,"4":1,"5":1,"6":2,"7":0,"8":2,"9":1},"f":{"0":2,"1":0,"2":2,"3":1},"b":{"0":[2,2],"1":[2,2],"2":[0],"3":[2,0],"4":[2,2],"5":[2,2],"6":[0,2]},"meta":{"lastBranch":7,"lastFunction":4,"lastStatement":10,"seen":{"s:2:14:2:Infinity":0,"s:13:13:13:Infinity":1,"s:15:21:15:Infinity":2,"f:15:21:15:22":0,"s:15:33:15:Infinity":3,"s:19:11:19:Infinity":4,"s:36:9:36:Infinity":5,"s:19:2:48:19":6,"b:21:12:21:31:21:31:21:Infinity":0,"b:24:12:24:15:24:12:24:Infinity":1,"f:24:12:24:15":1,"s:24:23:24:Infinity":7,"b:27:4:28:Infinity":2,"b:32:10:32:30:32:30:32:58":3,"f:37:64:37:71":2,"s:37:71:37:84":8,"b:37:71:37:84:37:71:37:84":4,"b:41:14:41:16:41:14:41:Infinity":5,"f:41:14:41:16":3,"s:41:16:41:Infinity":9,"b:43:8:45:19:46:8:48:19":6}}}
,"C:\\Users\\alesh\\practica1-autenticacion\\practica10\\frontend\\src\\components\\ProductosList.vue": {"path":"C:\\Users\\alesh\\practica1-autenticacion\\practica10\\frontend\\src\\components\\ProductosList.vue","statementMap":{"0":{"start":{"line":6,"column":17},"end":{"line":6,"column":null}},"1":{"start":{"line":7,"column":15},"end":{"line":7,"column":null}},"2":{"start":{"line":8,"column":13},"end":{"line":8,"column":null}},"3":{"start":{"line":9,"column":15},"end":{"line":9,"column":null}},"4":{"start":{"line":11,"column":15},"end":{"line":23,"column":null}},"5":{"start":{"line":12,"column":2},"end":{"line":12,"column":null}},"6":{"start":{"line":13,"column":2},"end":{"line":13,"column":null}},"7":{"start":{"line":15,"column":2},"end":{"line":22,"column":null}},"8":{"start":{"line":16,"column":21},"end":{"line":16,"column":null}},"9":{"start":{"line":17,"column":4},"end":{"line":17,"column":null}},"10":{"start":{"line":19,"column":4},"end":{"line":19,"column":null}},"11":{"start":{"line":21,"column":4},"end":{"line":21,"column":null}},"12":{"start":{"line":25,"column":15},"end":{"line":40,"column":null}},"13":{"start":{"line":26,"column":2},"end":{"line":28,"column":null}},"14":{"start":{"line":27,"column":4},"end":{"line":27,"column":null}},"15":{"start":{"line":30,"column":2},"end":{"line":39,"column":null}},"16":{"start":{"line":31,"column":4},"end":{"line":31,"column":null}},"17":{"start":{"line":32,"column":4},"end":{"line":32,"column":null}},"18":{"start":{"line":33,"column":4},"end":{"line":35,"column":null}},"19":{"start":{"line":34,"column":6},"end":{"line":34,"column":null}},"20":{"start":{"line":36,"column":4},"end":{"line":36,"column":null}},"21":{"start":{"line":38,"column":4},"end":{"line":38,"column":null}},"22":{"start":{"line":42,"column":0},"end":{"line":44,"column":null}},"23":{"start":{"line":43,"column":2},"end":{"line":43,"column":null}},"24":{"start":{"line":49,"column":9},"end":{"line":49,"column":null}},"25":{"start":{"line":85,"column":14},"end":{"line":85,"column":null}},"26":{"start":{"line":48,"column":2},"end":{"line":88,"column":39}},"27":{"start":{"line":51,"column":78},"end":{"line":51,"column":91}},"28":{"start":{"line":71,"column":8},"end":{"line":88,"column":39}},"29":{"start":{"line":78,"column":31},"end":{"line":78,"column":null}},"30":{"start":{"line":86,"column":77},"end":{"line":86,"column":90}},"31":{"start":{"line":87,"column":97},"end":{"line":87,"column":110}},"32":{"start":{"line":88,"column":70},"end":{"line":88,"column":91}}},"fnMap":{"0":{"name":"(anonymous_0)","decl":{"start":{"line":11,"column":15},"end":{"line":11,"column":20}},"loc":{"start":{"line":11,"column":27},"end":{"line":23,"column":null}},"line":11},"1":{"name":"(anonymous_1)","decl":{"start":{"line":25,"column":15},"end":{"line":25,"column":20}},"loc":{"start":{"line":25,"column":29},"end":{"line":40,"column":null}},"line":25},"2":{"name":"(anonymous_2)","decl":{"start":{"line":33,"column":15},"end":{"line":33,"column":16}},"loc":{"start":{"line":33,"column":21},"end":{"line":35,"column":5}},"line":33},"3":{"name":"(anonymous_3)","decl":{"start":{"line":42,"column":10},"end":{"line":42,"column":15}},"loc":{"start":{"line":42,"column":22},"end":{"line":44,"column":1}},"line":42},"4":{"name":"(anonymous_4)","decl":{"start":{"line":51,"column":64},"end":{"line":51,"column":78}},"loc":{"start":{"line":51,"column":78},"end":{"line":51,"column":91}},"line":51},"5":{"name":"(anonymous_5)","decl":{"start":{"line":71,"column":40},"end":{"line":71,"column":43}},"loc":{"start":{"line":71,"column":27},"end":{"line":88,"column":39}},"line":71},"6":{"name":"(anonymous_6)","decl":{"start":{"line":78,"column":20},"end":{"line":78,"column":23}},"loc":{"start":{"line":78,"column":24},"end":{"line":78,"column":null}},"line":78},"7":{"name":"(anonymous_7)","decl":{"start":{"line":86,"column":70},"end":{"line":86,"column":77}},"loc":{"start":{"line":86,"column":77},"end":{"line":86,"column":90}},"line":86},"8":{"name":"(anonymous_8)","decl":{"start":{"line":87,"column":91},"end":{"line":87,"column":97}},"loc":{"start":{"line":87,"column":97},"end":{"line":87,"column":110}},"line":87},"9":{"name":"(anonymous_9)","decl":{"start":{"line":88,"column":68},"end":{"line":88,"column":70}},"loc":{"start":{"line":88,"column":70},"end":{"line":88,"column":91}},"line":88}},"branchMap":{"0":{"loc":{"start":{"line":26,"column":2},"end":{"line":28,"column":null}},"type":"if","locations":[{"start":{"line":26,"column":2},"end":{"line":28,"column":null}},{"start":{},"end":{}}],"line":26},"1":{"loc":{"start":{"line":50,"column":6},"end":{"line":50,"column":35}},"type":"binary-expr","locations":[{"start":{"line":50,"column":6},"end":{"line":50,"column":10}},{"start":{"line":50,"column":6},"end":{"line":50,"column":35}}],"line":50},"2":{"loc":{"start":{"line":51,"column":78},"end":{"line":51,"column":91}},"type":"binary-expr","locations":[{"start":{"line":51,"column":78},"end":{"line":51,"column":91}},{"start":{"line":51,"column":78},"end":{"line":51,"column":91}}],"line":51},"3":{"loc":{"start":{"line":54,"column":13},"end":{"line":54,"column":62}},"type":"cond-expr","locations":[{"start":{"line":54,"column":4},"end":{"line":54,"column":62}}],"line":54},"4":{"loc":{"start":{"line":55,"column":13},"end":{"line":55,"column":55}},"type":"cond-expr","locations":[{"start":{"line":55,"column":4},"end":{"line":55,"column":55}}],"line":55},"5":{"loc":{"start":{"line":56,"column":13},"end":{"line":56,"column":49}},"type":"cond-expr","locations":[{"start":{"line":56,"column":4},"end":{"line":56,"column":49}}],"line":56},"6":{"loc":{"start":{"line":58,"column":18},"end":{"line":88,"column":39}},"type":"cond-expr","locations":[{"start":{"line":58,"column":4},"end":{"line":88,"column":39}}],"line":58},"7":{"loc":{"start":{"line":59,"column":6},"end":{"line":67,"column":27}},"type":"binary-expr","locations":[{"start":{"line":59,"column":6},"end":{"line":59,"column":null}},{"start":{"line":59,"column":6},"end":{"line":67,"column":27}}],"line":59},"8":{"loc":{"start":{"line":75,"column":20},"end":{"line":75,"column":null}},"type":"binary-expr","locations":[{"start":{"line":75,"column":20},"end":{"line":75,"column":39}},{"start":{"line":75,"column":39},"end":{"line":75,"column":null}}],"line":75},"9":{"loc":{"start":{"line":78,"column":20},"end":{"line":78,"column":null}},"type":"binary-expr","locations":[{"start":{"line":78,"column":20},"end":{"line":78,"column":23}},{"start":{"line":78,"column":20},"end":{"line":78,"column":null}}],"line":78},"10":{"loc":{"start":{"line":81,"column":17},"end":{"line":81,"column":70}},"type":"binary-expr","locations":[{"start":{"line":81,"column":17},"end":{"line":81,"column":43}},{"start":{"line":81,"column":43},"end":{"line":81,"column":70}}],"line":81},"11":{"loc":{"start":{"line":86,"column":77},"end":{"line":86,"column":90}},"type":"binary-expr","locations":[{"start":{"line":86,"column":77},"end":{"line":86,"column":90}},{"start":{"line":86,"column":77},"end":{"line":86,"column":90}}],"line":86},"12":{"loc":{"start":{"line":87,"column":97},"end":{"line":87,"column":110}},"type":"binary-expr","locations":[{"start":{"line":87,"column":97},"end":{"line":87,"column":110}},{"start":{"line":87,"column":97},"end":{"line":87,"column":110}}],"line":87}},"s":{"0":2,"1":2,"2":2,"3":2,"4":2,"5":3,"6":3,"7":3,"8":3,"9":3,"10":0,"11":3,"12":2,"13":1,"14":0,"15":1,"16":1,"17":1,"18":1,"19":0,"20":1,"21":0,"22":2,"23":2,"24":1,"25":1,"26":8,"27":8,"28":3,"29":0,"30":3,"31":3,"32":1},"f":{"0":3,"1":1,"2":0,"3":2,"4":8,"5":3,"6":0,"7":3,"8":3,"9":1},"b":{"0":[0,1],"1":[8,2],"2":[8,2],"3":[3],"4":[2],"5":[0],"6":[5],"7":[5,2],"8":[3,3],"9":[3,2],"10":[3,0],"11":[3,2],"12":[3,2]},"meta":{"lastBranch":13,"lastFunction":10,"lastStatement":33,"seen":{"s:6:17:6:Infinity":0,"s:7:15:7:Infinity":1,"s:8:13:8:Infinity":2,"s:9:15:9:Infinity":3,"s:11:15:23:Infinity":4,"f:11:15:11:20":0,"s:12:2:12:Infinity":5,"s:13:2:13:Infinity":6,"s:15:2:22:Infinity":7,"s:16:21:16:Infinity":8,"s:17:4:17:Infinity":9,"s:19:4:19:Infinity":10,"s:21:4:21:Infinity":11,"s:25:15:40:Infinity":12,"f:25:15:25:20":1,"b:26:2:28:Infinity:undefined:undefined:undefined:undefined":0,"s:26:2:28:Infinity":13,"s:27:4:27:Infinity":14,"s:30:2:39:Infinity":15,"s:31:4:31:Infinity":16,"s:32:4:32:Infinity":17,"s:33:4:35:Infinity":18,"f:33:15:33:16":2,"s:34:6:34:Infinity":19,"s:36:4:36:Infinity":20,"s:38:4:38:Infinity":21,"s:42:0:44:Infinity":22,"f:42:10:42:15":3,"s:43:2:43:Infinity":23,"s:49:9:49:Infinity":24,"s:85:14:85:Infinity":25,"s:48:2:88:39":26,"b:50:6:50:10:50:6:50:35":1,"f:51:64:51:78":4,"s:51:78:51:91":27,"b:51:78:51:91:51:78:51:91":2,"b:54:4:54:62":3,"b:55:4:55:55":4,"b:56:4:56:49":5,"b:58:4:88:39":6,"b:59:6:59:Infinity:59:6:67:27":7,"f:71:40:71:43":5,"s:71:8:88:39":28,"b:75:20:75:39:75:39:75:Infinity":8,"b:78:20:78:23:78:20:78:Infinity":9,"f:78:20:78:23":6,"s:78:31:78:Infinity":29,"b:81:17:81:43:81:43:81:70":10,"f:86:70:86:77":7,"s:86:77:86:90":30,"b:86:77:86:90:86:77:86:90":11,"f:87:91:87:97":8,"s:87:97:87:110":31,"b:87:97:87:110:87:97:87:110":12,"f:88:68:88:70":9,"s:88:70:88:91":32}}}
}
